<?xml version="1.0" encoding="UTF-8"?>
<!-- Generated by org.testng.reporters.JUnitXMLReporter -->
<testsuite ignored="0" hostname="Kyrillos-Nageh" failures="0" tests="2" name="Default test" time="22.275" errors="0" timestamp="2022-07-23T18:36:01 EET">
  <testcase classname="tests.UserCanNotTweetWithInvalidText" name="userCanLoginSuccssfully" time="11.245"/>
  <testcase classname="tests.UserCanNotTweetWithInvalidText" name="userCanNotTweetWithInvalidText" time="9.918"/>
</testsuite> <!-- Default test -->
